<?xml version="1.0" encoding="UTF-8"?>
<!-- Generated by org.testng.reporters.JUnitReportReporter -->
<testsuite hostname="CDMIHFB2" failures="0" tests="10" name="runner.WebApp" time="160.053" errors="0" timestamp="22 Jan 2022 05:38:19 GMT" skipped="0">
  <testcase classname="runner.WebApp" name="HomePage" time="4.508"/>
  <testcase classname="runner.WebApp" name="SignUp" time="7.919"/>
  <testcase classname="runner.WebApp" name="HomepageLogin" time="9.459"/>
  <testcase classname="runner.WebApp" name="AboutPage" time="5.701"/>
  <testcase classname="runner.WebApp" name="ContactPage" time="8.481"/>
  <testcase classname="runner.WebApp" name="OnewayPage" time="16.875"/>
  <testcase classname="runner.WebApp" name="LocalPage" time="29.458"/>
  <testcase classname="runner.WebApp" name="OutstationPage" time="31.568"/>
  <testcase classname="runner.WebApp" name="AirportPage" time="34.491"/>
  <testcase classname="runner.WebApp" name="CorporatePage" time="11.593"/>
</testsuite> <!-- runner.WebApp -->
